c:\users\admin\documents\github\winapi_terraria\terraria\terraria\debug\terraria.pch
c:\users\admin\documents\github\winapi_terraria\terraria\terraria\debug\vc142.pdb
c:\users\admin\documents\github\winapi_terraria\terraria\terraria\debug\vc142.idb
c:\users\admin\documents\github\winapi_terraria\terraria\terraria\debug\canimation.obj
c:\users\admin\documents\github\winapi_terraria\terraria\terraria\debug\canimationtool.obj
c:\users\admin\documents\github\winapi_terraria\terraria\terraria\debug\canimationui.obj
c:\users\admin\documents\github\winapi_terraria\terraria\terraria\debug\canimator.obj
c:\users\admin\documents\github\winapi_terraria\terraria\terraria\debug\cbackground.obj
c:\users\admin\documents\github\winapi_terraria\terraria\terraria\debug\cbuttonui.obj
c:\users\admin\documents\github\winapi_terraria\terraria\terraria\debug\cboxcollider.obj
c:\users\admin\documents\github\winapi_terraria\terraria\terraria\debug\ccamera.obj
c:\users\admin\documents\github\winapi_terraria\terraria\terraria\debug\ccirclecollider.obj
c:\users\admin\documents\github\winapi_terraria\terraria\terraria\debug\ccollider.obj
c:\users\admin\documents\github\winapi_terraria\terraria\terraria\debug\ccollisionmgr.obj
c:\users\admin\documents\github\winapi_terraria\terraria\terraria\debug\ccomponent.obj
c:\users\admin\documents\github\winapi_terraria\terraria\terraria\debug\cengine.obj
c:\users\admin\documents\github\winapi_terraria\terraria\terraria\debug\cfactory2.obj
c:\users\admin\documents\github\winapi_terraria\terraria\terraria\debug\cframemgr.obj
c:\users\admin\documents\github\winapi_terraria\terraria\terraria\debug\cgun.obj
c:\users\admin\documents\github\winapi_terraria\terraria\terraria\debug\cinputmgr.obj
c:\users\admin\documents\github\winapi_terraria\terraria\terraria\debug\cinventoryui.obj
c:\users\admin\documents\github\winapi_terraria\terraria\terraria\debug\citem.obj
c:\users\admin\documents\github\winapi_terraria\terraria\terraria\debug\citempocketui.obj
c:\users\admin\documents\github\winapi_terraria\terraria\terraria\debug\cmover.obj
c:\users\admin\documents\github\winapi_terraria\terraria\terraria\debug\cobject.obj
c:\users\admin\documents\github\winapi_terraria\terraria\terraria\debug\cpathmgr.obj
c:\users\admin\documents\github\winapi_terraria\terraria\terraria\debug\cplayer.obj
c:\users\admin\documents\github\winapi_terraria\terraria\terraria\debug\cresource.obj
c:\users\admin\documents\github\winapi_terraria\terraria\terraria\debug\cresourcemgr.obj
c:\users\admin\documents\github\winapi_terraria\terraria\terraria\debug\crigidbody.obj
c:\users\admin\documents\github\winapi_terraria\terraria\terraria\debug\cscene.obj
c:\users\admin\documents\github\winapi_terraria\terraria\terraria\debug\cscenemgr.obj
c:\users\admin\documents\github\winapi_terraria\terraria\terraria\debug\cskin.obj
c:\users\admin\documents\github\winapi_terraria\terraria\terraria\debug\csword.obj
c:\users\admin\documents\github\winapi_terraria\terraria\terraria\debug\ctexture.obj
c:\users\admin\documents\github\winapi_terraria\terraria\terraria\debug\ctile.obj
c:\users\admin\documents\github\winapi_terraria\terraria\terraria\debug\ctileblock.obj
c:\users\admin\documents\github\winapi_terraria\terraria\terraria\debug\ctilemgr.obj
c:\users\admin\documents\github\winapi_terraria\terraria\terraria\debug\ctimemgr.obj
c:\users\admin\documents\github\winapi_terraria\terraria\terraria\debug\ctool.obj
c:\users\admin\documents\github\winapi_terraria\terraria\terraria\debug\ctransform2d.obj
c:\users\admin\documents\github\winapi_terraria\terraria\terraria\debug\cui.obj
c:\users\admin\documents\github\winapi_terraria\terraria\terraria\debug\cuimanager.obj
c:\users\admin\documents\github\winapi_terraria\terraria\terraria\debug\cworld.obj
c:\users\admin\documents\github\winapi_terraria\terraria\terraria\debug\terraria.obj
c:\users\admin\documents\github\winapi_terraria\terraria\terraria\debug\chealthui.obj
c:\users\admin\documents\github\winapi_terraria\terraria\debug\terraria.exe
c:\users\admin\documents\github\winapi_terraria\terraria\terraria\debug\terraria.ilk
c:\users\admin\documents\github\winapi_terraria\terraria\debug\terraria.pdb
c:\users\admin\documents\github\winapi_terraria\terraria\terraria\debug\terraria.res
c:\users\admin\documents\github\winapi_terraria\terraria\terraria\debug\terraria.tlog\cl.command.1.tlog
c:\users\admin\documents\github\winapi_terraria\terraria\terraria\debug\terraria.tlog\cl.read.1.tlog
c:\users\admin\documents\github\winapi_terraria\terraria\terraria\debug\terraria.tlog\cl.write.1.tlog
c:\users\admin\documents\github\winapi_terraria\terraria\terraria\debug\terraria.tlog\link.command.1.tlog
c:\users\admin\documents\github\winapi_terraria\terraria\terraria\debug\terraria.tlog\link.read.1.tlog
c:\users\admin\documents\github\winapi_terraria\terraria\terraria\debug\terraria.tlog\link.write.1.tlog
c:\users\admin\documents\github\winapi_terraria\terraria\terraria\debug\terraria.tlog\rc.command.1.tlog
c:\users\admin\documents\github\winapi_terraria\terraria\terraria\debug\terraria.tlog\rc.read.1.tlog
c:\users\admin\documents\github\winapi_terraria\terraria\terraria\debug\terraria.tlog\rc.write.1.tlog
